<?xml version="1.0" encoding="UTF-8"?>
<testsuite name="com.example.SomeServiceTest" tests="1" skipped="0" failures="0" errors="0" timestamp="2020-07-09T04:25:13" hostname="VEZEL.local" time="0.428">
  <properties/>
  <testcase name="getItemPrice2()" classname="com.example.SomeServiceTest" time="0.428"/>
  <system-out><![CDATA[]]></system-out>
  <system-err><![CDATA[]]></system-err>
</testsuite>
